<?xml version="1.0" encoding="UTF-8"?>
<!-- Generated by org.testng.reporters.JUnitReportReporter -->
<testsuite hostname="LAPTOP-LGULFEHA" failures="0" tests="6" name="com.runner.testclass.GroupingTest" time="0.057" errors="0" timestamp="2024-08-22T00:17:36 IST" skipped="0">
  <testcase classname="com.runner.testclass.GroupingTest" name="curdrice" time="0.003"/>
  <system-out/>
  <testcase classname="com.runner.testclass.GroupingTest" name="sambarrice" time="0.002"/>
  <system-out/>
  <testcase classname="com.runner.testclass.GroupingTest" name="pongal" time="0.004"/>
  <system-out/>
  <testcase classname="com.runner.testclass.GroupingTest" name="Mobile" time="0.002"/>
  <system-out/>
  <testcase classname="com.runner.testclass.GroupingTest" name="Headsets" time="0.044"/>
  <system-out/>
  <testcase classname="com.runner.testclass.GroupingTest" name="Laptop" time="0.002"/>
  <system-out/>
</testsuite> <!-- com.runner.testclass.GroupingTest -->
