<?xml version="1.0" encoding="UTF-8"?>
<!-- Generated by org.testng.reporters.JUnitReportReporter -->
<testsuite hostname="LAPTOP-LGULFEHA" failures="0" tests="1" name="com.runner.testclass.ParamatrCons" time="8.584" errors="0" timestamp="2024-08-23T00:36:35 IST" skipped="0">
  <testcase classname="com.runner.testclass.ParamatrCons" name="login" time="8.584"/>
  <system-out/>
</testsuite> <!-- com.runner.testclass.ParamatrCons -->
