<?xml version="1.0" encoding="UTF-8"?>
<!-- Generated by org.testng.reporters.JUnitReportReporter -->
<testsuite hostname="LAPTOP-LGULFEHA" failures="0" tests="7" name="com.swagrunner.SwagRunner" time="6.597" errors="0" timestamp="2024-08-26T19:06:21 IST" skipped="0">
  <testcase classname="com.swagrunner.SwagRunner" name="InvalidLoginMethods" time="2.560"/>
  <system-out/>
  <testcase classname="com.swagrunner.SwagRunner" name="LoginMethods" time="0.399"/>
  <system-out/>
  <testcase classname="com.swagrunner.SwagRunner" name="getItemOne" time="0.832"/>
  <system-out/>
  <testcase classname="com.swagrunner.SwagRunner" name="getItemTwo" time="0.699"/>
  <system-out/>
  <testcase classname="com.swagrunner.SwagRunner" name="getItemThree" time="0.750"/>
  <system-out/>
  <testcase classname="com.swagrunner.SwagRunner" name="getItemFour" time="0.690"/>
  <system-out/>
  <testcase classname="com.swagrunner.SwagRunner" name="getItemFive" time="0.667"/>
  <system-out/>
</testsuite> <!-- com.swagrunner.SwagRunner -->
